0 info it worked if it ends with ok
1 verbose cli [ 'C:\\Program Files\\nodejs\\node.exe',
1 verbose cli   'C:\\Program Files\\nodejs\\node_modules\\npm\\bin\\npm-cli.js',
1 verbose cli   'publish' ]
2 info using npm@3.3.12
3 info using node@v5.5.0
4 verbose publish [ '.' ]
5 silly cache add args [ '.', null ]
6 verbose cache add spec .
7 silly cache add parsed spec Result {
7 silly cache add   raw: '.',
7 silly cache add   scope: null,
7 silly cache add   name: null,
7 silly cache add   rawSpec: '.',
7 silly cache add   spec: 'C:\\Users\\rodol\\Desktop\\CSCI\\node\\jsrml',
7 silly cache add   type: 'directory' }
8 verbose addLocalDirectory C:\Users\rodol\AppData\Roaming\npm-cache\jsrml\0.2.0\package.tgz not in flight; packing
9 info lifecycle jsrml@0.2.0~prepublish: jsrml@0.2.0
10 silly lifecycle jsrml@0.2.0~prepublish: no script for prepublish, continuing
11 verbose tar pack [ 'C:\\Users\\rodol\\AppData\\Roaming\\npm-cache\\jsrml\\0.2.0\\package.tgz',
11 verbose tar pack   'C:\\Users\\rodol\\Desktop\\CSCI\\node\\jsrml' ]
12 verbose tarball C:\Users\rodol\AppData\Roaming\npm-cache\jsrml\0.2.0\package.tgz
13 verbose folder C:\Users\rodol\Desktop\CSCI\node\jsrml
14 verbose addLocalTarball adding from inside cache C:\Users\rodol\AppData\Roaming\npm-cache\jsrml\0.2.0\package.tgz
15 silly cache afterAdd jsrml@0.2.0
16 verbose afterAdd C:\Users\rodol\AppData\Roaming\npm-cache\jsrml\0.2.0\package\package.json not in flight; writing
17 verbose afterAdd C:\Users\rodol\AppData\Roaming\npm-cache\jsrml\0.2.0\package\package.json written
18 silly publish { name: 'jsrml',
18 silly publish   main: 'index.js',
18 silly publish   version: '0.2.0',
18 silly publish   description: 'RainBot Module Library for JavaScript',
18 silly publish   homepage: 'http://rainbot.info/rmls#Javascript',
18 silly publish   repository:
18 silly publish    { type: 'git',
18 silly publish      url: 'git+https://github.com/wolfchase/jsrml.git' },
18 silly publish   license: 'GPL-3.0',
18 silly publish   author: { name: 'Rodolfo Castillo', email: 'rcvallada@gmail.com' },
18 silly publish   dependencies: { 'json-rpc2': '^1.0.2', portfinder: '^1.0.1', q: '^1.4.1' },
18 silly publish   gitHead: '002ae920a07acd9e5f599267909f71df20c051f1',
18 silly publish   bugs: { url: 'https://github.com/wolfchase/jsrml/issues' },
18 silly publish   readme: 'ERROR: No README data found!',
18 silly publish   _id: 'jsrml@0.2.0',
18 silly publish   scripts: {},
18 silly publish   _shasum: '10dcb446f491538a682b2abad904af2d10bbb9c4',
18 silly publish   _from: '.' }
19 verbose getPublishConfig undefined
20 silly mapToRegistry name jsrml
21 silly mapToRegistry using default registry
22 silly mapToRegistry registry https://registry.npmjs.org/
23 silly mapToRegistry uri https://registry.npmjs.org/jsrml
24 verbose publish registryBase https://registry.npmjs.org/
25 silly publish uploading C:\Users\rodol\AppData\Roaming\npm-cache\jsrml\0.2.0\package.tgz
26 verbose request uri https://registry.npmjs.org/jsrml
27 verbose request sending authorization for write operation
28 info attempt registry request try #1 at 3:55:45 PM
29 verbose request using bearer token for auth
30 verbose request id f31967e019b7cf15
31 http request PUT https://registry.npmjs.org/jsrml
32 http 403 https://registry.npmjs.org/jsrml
33 verbose headers { 'content-type': 'application/json',
33 verbose headers   'cache-control': 'max-age=300',
33 verbose headers   'content-length': '95',
33 verbose headers   'accept-ranges': 'bytes',
33 verbose headers   date: 'Sun, 03 Apr 2016 22:55:44 GMT',
33 verbose headers   via: '1.1 varnish',
33 verbose headers   connection: 'keep-alive',
33 verbose headers   'x-served-by': 'cache-sjc3132-SJC',
33 verbose headers   'x-cache': 'MISS',
33 verbose headers   'x-cache-hits': '0',
33 verbose headers   'x-timer': 'S1459724144.724102,VS0,VE261' }
34 verbose request invalidating C:\Users\rodol\AppData\Roaming\npm-cache\registry.npmjs.org\jsrml on PUT
35 error publish Failed PUT 403
36 verbose stack Error: "You cannot publish over the previously published version 0.2.0." : jsrml
36 verbose stack     at makeError (C:\Program Files\nodejs\node_modules\npm\node_modules\npm-registry-client\lib\request.js:264:12)
36 verbose stack     at CachingRegistryClient.<anonymous> (C:\Program Files\nodejs\node_modules\npm\node_modules\npm-registry-client\lib\request.js:252:14)
36 verbose stack     at Request._callback (C:\Program Files\nodejs\node_modules\npm\node_modules\npm-registry-client\lib\request.js:172:14)
36 verbose stack     at Request.self.callback (C:\Program Files\nodejs\node_modules\npm\node_modules\request\request.js:198:22)
36 verbose stack     at emitTwo (events.js:100:13)
36 verbose stack     at Request.emit (events.js:185:7)
36 verbose stack     at Request.<anonymous> (C:\Program Files\nodejs\node_modules\npm\node_modules\request\request.js:1082:10)
36 verbose stack     at emitOne (events.js:95:20)
36 verbose stack     at Request.emit (events.js:182:7)
36 verbose stack     at IncomingMessage.<anonymous> (C:\Program Files\nodejs\node_modules\npm\node_modules\request\request.js:1009:12)
37 verbose statusCode 403
38 verbose pkgid jsrml
39 verbose cwd C:\Users\rodol\Desktop\CSCI\node\jsrml
40 error Windows_NT 10.0.10586
41 error argv "C:\\Program Files\\nodejs\\node.exe" "C:\\Program Files\\nodejs\\node_modules\\npm\\bin\\npm-cli.js" "publish"
42 error node v5.5.0
43 error npm  v3.3.12
44 error code E403
45 error "You cannot publish over the previously published version 0.2.0." : jsrml
46 error If you need help, you may report this error at:
46 error     <https://github.com/npm/npm/issues>
47 verbose exit [ 1, true ]
